<?xml version="1.0" encoding="UTF-8"?>
<Site BuildName="(empty)"
	BuildStamp="20241219-0202-Experimental"
	Name="(empty)"
	Generator="ctest-3.28.3"
	CompilerName=""
	CompilerVersion=""
	OSName="Linux"
	Hostname="ip-10-0-0-44"
	OSRelease="6.8.0-1020-aws"
	OSVersion="#22-Ubuntu SMP Thu Nov 21 18:58:05 UTC 2024"
	OSPlatform="x86_64"
	Is64Bits="1"
	VendorString="AuthenticAMD"
	VendorID="Advanced Micro Devices"
	FamilyID="25"
	ModelID="1"
	ProcessorCacheSize="512"
	NumberOfLogicalCPU="16"
	NumberOfPhysicalCPU="8"
	TotalVirtualMemory="0"
	TotalPhysicalMemory="31384"
	LogicalProcessorsPerPhysical="2"
	ProcessorClockFrequency="3607.06"
	>
	<Testing>
		<StartDateTime>Dec 19 23:46 UTC</StartDateTime>
		<StartTestTime>1734651989</StartTestTime>
		<TestList/>
		<EndDateTime>Dec 19 23:46 UTC</EndDateTime>
		<EndTestTime>1734651989</EndTestTime>
		<ElapsedMinutes>0</ElapsedMinutes>
	</Testing>
</Site>
