<?xml version="1.0" encoding="UTF-8"?>
<Site BuildName="(empty)"
	BuildStamp="20250109-0302-Experimental"
	Name="(empty)"
	Generator="ctest-3.28.3"
	CompilerName=""
	CompilerVersion=""
	OSName="Linux"
	Hostname="ip-10-0-0-44"
	OSRelease="6.8.0-1021-aws"
	OSVersion="#23-Ubuntu SMP Mon Dec  9 23:59:34 UTC 2024"
	OSPlatform="x86_64"
	Is64Bits="1"
	VendorString="AuthenticAMD"
	VendorID="Advanced Micro Devices"
	FamilyID="25"
	ModelID="1"
	ProcessorCacheSize="512"
	NumberOfLogicalCPU="16"
	NumberOfPhysicalCPU="8"
	TotalVirtualMemory="0"
	TotalPhysicalMemory="31384"
	LogicalProcessorsPerPhysical="2"
	ProcessorClockFrequency="2650"
	>
	<Testing>
		<StartDateTime>Jan 09 03:02 UTC</StartDateTime>
		<StartTestTime>1736391768</StartTestTime>
		<TestList/>
		<EndDateTime>Jan 09 03:02 UTC</EndDateTime>
		<EndTestTime>1736391768</EndTestTime>
		<ElapsedMinutes>0</ElapsedMinutes>
	</Testing>
</Site>
