<?xml version="1.0" encoding="UTF-8"?>
<Site BuildName="(empty)"
	BuildStamp="20241121-0224-Experimental"
	Name="(empty)"
	Generator="ctest-3.28.3"
	CompilerName=""
	CompilerVersion=""
	OSName="Linux"
	Hostname="ip-10-0-0-44"
	OSRelease="6.8.0-1018-aws"
	OSVersion="#20-Ubuntu SMP Thu Oct 10 18:14:42 UTC 2024"
	OSPlatform="x86_64"
	Is64Bits="1"
	VendorString="AuthenticAMD"
	VendorID="Advanced Micro Devices"
	FamilyID="25"
	ModelID="1"
	ProcessorCacheSize="512"
	NumberOfLogicalCPU="16"
	NumberOfPhysicalCPU="8"
	TotalVirtualMemory="0"
	TotalPhysicalMemory="31384"
	LogicalProcessorsPerPhysical="2"
	ProcessorClockFrequency="2878.62"
	>
	<Testing>
		<StartDateTime>Nov 21 02:24 UTC</StartDateTime>
		<StartTestTime>1732155896</StartTestTime>
		<TestList/>
		<EndDateTime>Nov 21 02:24 UTC</EndDateTime>
		<EndTestTime>1732155896</EndTestTime>
		<ElapsedMinutes>0</ElapsedMinutes>
	</Testing>
</Site>
