<?xml version="1.0" encoding="UTF-8"?>
<Site BuildName="(empty)"
	BuildStamp="20241211-2338-Experimental"
	Name="(empty)"
	Generator="ctest-3.28.3"
	CompilerName=""
	CompilerVersion=""
	OSName="Linux"
	Hostname="ip-10-0-0-44"
	OSRelease="6.8.0-1019-aws"
	OSVersion="#21-Ubuntu SMP Wed Nov  6 21:21:49 UTC 2024"
	OSPlatform="x86_64"
	Is64Bits="1"
	VendorString="AuthenticAMD"
	VendorID="Advanced Micro Devices"
	FamilyID="25"
	ModelID="1"
	ProcessorCacheSize="512"
	NumberOfLogicalCPU="16"
	NumberOfPhysicalCPU="8"
	TotalVirtualMemory="0"
	TotalPhysicalMemory="31384"
	LogicalProcessorsPerPhysical="2"
	ProcessorClockFrequency="3598.18"
	>
	<Testing>
		<StartDateTime>Dec 11 23:38 UTC</StartDateTime>
		<StartTestTime>1733960316</StartTestTime>
		<TestList/>
		<EndDateTime>Dec 11 23:38 UTC</EndDateTime>
		<EndTestTime>1733960316</EndTestTime>
		<ElapsedMinutes>0</ElapsedMinutes>
	</Testing>
</Site>
